<?xml version="1.0" encoding="UTF-8"?>
<testsuite xmlns:xsi="http://www.w3.org/2001/XMLSchema-instance" xsi:noNamespaceSchemaLocation="https://maven.apache.org/surefire/maven-surefire-plugin/xsd/surefire-test-report-3.0.xsd" version="3.0" name="org.example.OrderProcessorTest" time="0.025" tests="6" errors="0" skipped="0" failures="0">
  <properties>
[...]
</properties>
  <testcase name="shouldHandleErrorsDuringProcessingAndContinueWithNextOrder" classname="org.example.OrderProcessorTest" time="0.009">
    <system-out><![CDATA[[DEBUG] Generating valid payment scenarios for order: order1
[DEBUG] Adding full points scenario for order: order1
[DEBUG] Adding full card scenario for order: order1 with card: card1
[DEBUG] Adding full card scenario for order: order1 with card: card2
[DEBUG] Checking mixed scenarios for order: order1
[DEBUG] Points available: 200.00, Remaining amount: -100.00
[DEBUG] Card limit for card1: 1000.00
[DEBUG] Mixed scenario not applicable for order: order1 with card: card1
[DEBUG] Remaining amount is not positive
[DEBUG] Points available: 200.00, Remaining amount: -100.00
[DEBUG] Card limit for card2: 500.00
[DEBUG] Mixed scenario not applicable for order: order1 with card: card2
[DEBUG] Remaining amount is not positive
[DEBUG] Generated 3 valid payment scenarios for order: order1
[DEBUG] Generating valid payment scenarios for order: order2
[DEBUG] Full points scenario not applicable for order: order2
[DEBUG] Points limit: 100.00, Order value: 150.00
[DEBUG] Adding full card scenario for order: order2 with card: card1
[DEBUG] Adding full card scenario for order: order2 with card: card2
[DEBUG] Checking mixed scenarios for order: order2
[DEBUG] Points available: 100.00, Remaining amount: 50.00
[DEBUG] Card limit for card1: 1000.00
[DEBUG] Adding mixed scenario for order: order2 with card: card1
[DEBUG] Points available: 100.00, Remaining amount: 50.00
[DEBUG] Card limit for card2: 500.00
[DEBUG] Adding mixed scenario for order: order2 with card: card2
[DEBUG] Generated 4 valid payment scenarios for order: order2
[DEBUG] Generating valid payment scenarios for order: order3
[DEBUG] Full points scenario not applicable for order: order3
[DEBUG] Points limit: 0.00, Order value: 300.00
[DEBUG] Adding full card scenario for order: order3 with card: card1
[DEBUG] Adding full card scenario for order: order3 with card: card2
[DEBUG] Mixed scenarios not applicable for order: order3
[DEBUG] No points available
[DEBUG] Generated 2 valid payment scenarios for order: order3
[DEBUG] Generating valid payment scenarios for order: invalidOrder
[DEBUG] Full points scenario not applicable for order: invalidOrder
[DEBUG] Points limit: 0.00, Order value: 10000.00
[DEBUG] Full card scenario not applicable for order: invalidOrder with card: card1
[DEBUG] Card limit: 950.00, Order value: 10000.00
[DEBUG] Full card scenario not applicable for order: invalidOrder with card: card2
[DEBUG] Card limit: 200.00, Order value: 10000.00
[DEBUG] Mixed scenarios not applicable for order: invalidOrder
[DEBUG] No points available
[DEBUG] Generated 0 valid payment scenarios for order: invalidOrder
card1 50.00
card2 300.00
POINTS 200.00
]]></system-out>
    <system-err><![CDATA[Error processing order invalidOrder: No valid payment scenarios found for order: invalidOrder
Failed to process 1 orders:
  - invalidOrder - No valid payment scenarios found for order: invalidOrder
]]></system-err>
  </testcase>
  <testcase name="shouldHandleEmptyOrdersList" classname="org.example.OrderProcessorTest" time="0.0"/>
  <testcase name="shouldUpdateWalletByDeductingUsedFunds" classname="org.example.OrderProcessorTest" time="0.001">
    <system-out><![CDATA[[DEBUG_LOG] Initial points limit: 200.00
[DEBUG_LOG] Initial card1 limit: 1000.00
[DEBUG_LOG] Initial card2 limit: 500.00
[DEBUG] Generating valid payment scenarios for order: order1
[DEBUG] Adding full points scenario for order: order1
[DEBUG] Adding full card scenario for order: order1 with card: card1
[DEBUG] Adding full card scenario for order: order1 with card: card2
[DEBUG] Checking mixed scenarios for order: order1
[DEBUG] Points available: 200.00, Remaining amount: -100.00
[DEBUG] Card limit for card1: 1000.00
[DEBUG] Mixed scenario not applicable for order: order1 with card: card1
[DEBUG] Remaining amount is not positive
[DEBUG] Points available: 200.00, Remaining amount: -100.00
[DEBUG] Card limit for card2: 500.00
[DEBUG] Mixed scenario not applicable for order: order1 with card: card2
[DEBUG] Remaining amount is not positive
[DEBUG] Generated 3 valid payment scenarios for order: order1
[DEBUG] Generating valid payment scenarios for order: order2
[DEBUG] Full points scenario not applicable for order: order2
[DEBUG] Points limit: 100.00, Order value: 150.00
[DEBUG] Adding full card scenario for order: order2 with card: card1
[DEBUG] Adding full card scenario for order: order2 with card: card2
[DEBUG] Checking mixed scenarios for order: order2
[DEBUG] Points available: 100.00, Remaining amount: 50.00
[DEBUG] Card limit for card1: 1000.00
[DEBUG] Adding mixed scenario for order: order2 with card: card1
[DEBUG] Points available: 100.00, Remaining amount: 50.00
[DEBUG] Card limit for card2: 500.00
[DEBUG] Adding mixed scenario for order: order2 with card: card2
[DEBUG] Generated 4 valid payment scenarios for order: order2
[DEBUG] Generating valid payment scenarios for order: order3
[DEBUG] Full points scenario not applicable for order: order3
[DEBUG] Points limit: 0.00, Order value: 300.00
[DEBUG] Adding full card scenario for order: order3 with card: card1
[DEBUG] Adding full card scenario for order: order3 with card: card2
[DEBUG] Mixed scenarios not applicable for order: order3
[DEBUG] No points available
[DEBUG] Generated 2 valid payment scenarios for order: order3
card1 50.00
card2 300.00
POINTS 200.00
[DEBUG_LOG] Final points limit: 0.00
[DEBUG_LOG] Final card1 limit: 950.00
[DEBUG_LOG] Final card2 limit: 200.00
]]></system-out>
  </testcase>
  <testcase name="shouldProcessOrdersAndReturnFinalAllocations" classname="org.example.OrderProcessorTest" time="0.004">
    <system-out><![CDATA[[DEBUG] Generating valid payment scenarios for order: order1
[DEBUG] Adding full points scenario for order: order1
[DEBUG] Adding full card scenario for order: order1 with card: card1
[DEBUG] Adding full card scenario for order: order1 with card: card2
[DEBUG] Checking mixed scenarios for order: order1
[DEBUG] Points available: 200.00, Remaining amount: -100.00
[DEBUG] Card limit for card1: 1000.00
[DEBUG] Mixed scenario not applicable for order: order1 with card: card1
[DEBUG] Remaining amount is not positive
[DEBUG] Points available: 200.00, Remaining amount: -100.00
[DEBUG] Card limit for card2: 500.00
[DEBUG] Mixed scenario not applicable for order: order1 with card: card2
[DEBUG] Remaining amount is not positive
[DEBUG] Generated 3 valid payment scenarios for order: order1
[DEBUG] Generating valid payment scenarios for order: order2
[DEBUG] Full points scenario not applicable for order: order2
[DEBUG] Points limit: 100.00, Order value: 150.00
[DEBUG] Adding full card scenario for order: order2 with card: card1
[DEBUG] Adding full card scenario for order: order2 with card: card2
[DEBUG] Checking mixed scenarios for order: order2
[DEBUG] Points available: 100.00, Remaining amount: 50.00
[DEBUG] Card limit for card1: 1000.00
[DEBUG] Adding mixed scenario for order: order2 with card: card1
[DEBUG] Points available: 100.00, Remaining amount: 50.00
[DEBUG] Card limit for card2: 500.00
[DEBUG] Adding mixed scenario for order: order2 with card: card2
[DEBUG] Generated 4 valid payment scenarios for order: order2
[DEBUG] Generating valid payment scenarios for order: order3
[DEBUG] Full points scenario not applicable for order: order3
[DEBUG] Points limit: 0.00, Order value: 300.00
[DEBUG] Adding full card scenario for order: order3 with card: card1
[DEBUG] Adding full card scenario for order: order3 with card: card2
[DEBUG] Mixed scenarios not applicable for order: order3
[DEBUG] No points available
[DEBUG] Generated 2 valid payment scenarios for order: order3
card1 50.00
card2 300.00
POINTS 200.00
[DEBUG_LOG] Final allocations size: 3
[DEBUG_LOG] Scenario 0 - Order ID: order1
[DEBUG_LOG] Scenario 0 - Uses Card: false
[DEBUG_LOG] Scenario 0 - Uses Points: true
[DEBUG_LOG] Scenario 0 - Discount Value: 20.0000
[DEBUG_LOG] Scenario 1 - Order ID: order2
[DEBUG_LOG] Scenario 1 - Uses Card: true
[DEBUG_LOG] Scenario 1 - Uses Points: true
[DEBUG_LOG] Scenario 1 - Discount Value: 15.000
[DEBUG_LOG] Scenario 2 - Order ID: order3
[DEBUG_LOG] Scenario 2 - Uses Card: true
[DEBUG_LOG] Scenario 2 - Uses Points: false
[DEBUG_LOG] Scenario 2 - Discount Value: 45.0000
]]></system-out>
  </testcase>
  <testcase name="shouldKeepTrackOfFinalAllocations" classname="org.example.OrderProcessorTest" time="0.001">
    <system-out><![CDATA[[DEBUG] Generating valid payment scenarios for order: order1
[DEBUG] Adding full points scenario for order: order1
[DEBUG] Adding full card scenario for order: order1 with card: card1
[DEBUG] Adding full card scenario for order: order1 with card: card2
[DEBUG] Checking mixed scenarios for order: order1
[DEBUG] Points available: 200.00, Remaining amount: -100.00
[DEBUG] Card limit for card1: 1000.00
[DEBUG] Mixed scenario not applicable for order: order1 with card: card1
[DEBUG] Remaining amount is not positive
[DEBUG] Points available: 200.00, Remaining amount: -100.00
[DEBUG] Card limit for card2: 500.00
[DEBUG] Mixed scenario not applicable for order: order1 with card: card2
[DEBUG] Remaining amount is not positive
[DEBUG] Generated 3 valid payment scenarios for order: order1
[DEBUG] Generating valid payment scenarios for order: order2
[DEBUG] Full points scenario not applicable for order: order2
[DEBUG] Points limit: 100.00, Order value: 150.00
[DEBUG] Adding full card scenario for order: order2 with card: card1
[DEBUG] Adding full card scenario for order: order2 with card: card2
[DEBUG] Checking mixed scenarios for order: order2
[DEBUG] Points available: 100.00, Remaining amount: 50.00
[DEBUG] Card limit for card1: 1000.00
[DEBUG] Adding mixed scenario for order: order2 with card: card1
[DEBUG] Points available: 100.00, Remaining amount: 50.00
[DEBUG] Card limit for card2: 500.00
[DEBUG] Adding mixed scenario for order: order2 with card: card2
[DEBUG] Generated 4 valid payment scenarios for order: order2
[DEBUG] Generating valid payment scenarios for order: order3
[DEBUG] Full points scenario not applicable for order: order3
[DEBUG] Points limit: 0.00, Order value: 300.00
[DEBUG] Adding full card scenario for order: order3 with card: card1
[DEBUG] Adding full card scenario for order: order3 with card: card2
[DEBUG] Mixed scenarios not applicable for order: order3
[DEBUG] No points available
[DEBUG] Generated 2 valid payment scenarios for order: order3
card1 50.00
card2 300.00
POINTS 200.00
]]></system-out>
  </testcase>
  <testcase name="shouldThrowExceptionWhenParametersAreNull" classname="org.example.OrderProcessorTest" time="0.001"/>
</testsuite>