<?xml version="1.0" encoding="UTF-8"?>
<testsuite xmlns:xsi="http://www.w3.org/2001/XMLSchema-instance" xsi:noNamespaceSchemaLocation="https://maven.apache.org/surefire/maven-surefire-plugin/xsd/surefire-test-report-3.0.xsd" version="3.0" name="org.example.PaymentScenarioEvaluatorTest" time="0.01" tests="6" errors="0" skipped="0" failures="0">
  <properties>
[...]
</properties>
  <testcase name="shouldPreferFullPointsPaymentWhenItGivesHighestDiscount" classname="org.example.PaymentScenarioEvaluatorTest" time="0.001">
    <system-out><![CDATA[[DEBUG] Generating valid payment scenarios for order: small123
[DEBUG] Adding full points scenario for order: small123
[DEBUG] Adding full card scenario for order: small123 with card: card1
[DEBUG] Adding full card scenario for order: small123 with card: card2
[DEBUG] Checking mixed scenarios for order: small123
[DEBUG] Points available: 200.00, Remaining amount: -50.00
[DEBUG] Card limit for card1: 1000.00
[DEBUG] Mixed scenario not applicable for order: small123 with card: card1
[DEBUG] Remaining amount is not positive
[DEBUG] Points available: 200.00, Remaining amount: -50.00
[DEBUG] Card limit for card2: 500.00
[DEBUG] Mixed scenario not applicable for order: small123 with card: card2
[DEBUG] Remaining amount is not positive
[DEBUG] Generated 3 valid payment scenarios for order: small123
]]></system-out>
  </testcase>
  <testcase name="shouldThrowExceptionWhenNoValidPaymentScenariosAreFound" classname="org.example.PaymentScenarioEvaluatorTest" time="0.001">
    <system-out><![CDATA[[DEBUG] Generating valid payment scenarios for order: huge123
[DEBUG] Full points scenario not applicable for order: huge123
[DEBUG] Points method is null
[DEBUG] Mixed scenarios not applicable for order: huge123
[DEBUG] Points method is null
[DEBUG] Generated 0 valid payment scenarios for order: huge123
]]></system-out>
  </testcase>
  <testcase name="shouldPreferCardWithHighestDiscountWhenPointsAreInsufficient" classname="org.example.PaymentScenarioEvaluatorTest" time="0.002">
    <system-out><![CDATA[[DEBUG_LOG] Card1 discount: 0.10
[DEBUG_LOG] Card2 discount: 0.15
[DEBUG] Generating valid payment scenarios for order: large123
[DEBUG] Full points scenario not applicable for order: large123
[DEBUG] Points limit: 200.00, Order value: 400.00
[DEBUG] Adding full card scenario for order: large123 with card: card1
[DEBUG] Adding full card scenario for order: large123 with card: card2
[DEBUG] Checking mixed scenarios for order: large123
[DEBUG] Points available: 200.00, Remaining amount: 200.00
[DEBUG] Card limit for card1: 1000.00
[DEBUG] Adding mixed scenario for order: large123 with card: card1
[DEBUG] Points available: 200.00, Remaining amount: 200.00
[DEBUG] Card limit for card2: 500.00
[DEBUG] Adding mixed scenario for order: large123 with card: card2
[DEBUG] Generated 4 valid payment scenarios for order: large123
[DEBUG_LOG] Result uses card: true
[DEBUG_LOG] Result uses points: false
[DEBUG_LOG] Result discount value: 60.0000
]]></system-out>
  </testcase>
  <testcase name="shouldCreateMixedScenarioWhenPointsArePartiallySufficient" classname="org.example.PaymentScenarioEvaluatorTest" time="0.001">
    <system-out><![CDATA[[DEBUG] Generating valid payment scenarios for order: medium123
[DEBUG] Full points scenario not applicable for order: medium123
[DEBUG] Points limit: 200.00, Order value: 300.00
[DEBUG] Adding full card scenario for order: medium123 with card: card1
[DEBUG] Adding full card scenario for order: medium123 with card: card2
[DEBUG] Checking mixed scenarios for order: medium123
[DEBUG] Points available: 200.00, Remaining amount: 100.00
[DEBUG] Card limit for card1: 1000.00
[DEBUG] Adding mixed scenario for order: medium123 with card: card1
[DEBUG] Points available: 200.00, Remaining amount: 100.00
[DEBUG] Card limit for card2: 500.00
[DEBUG] Adding mixed scenario for order: medium123 with card: card2
[DEBUG] Generated 4 valid payment scenarios for order: medium123
]]></system-out>
  </testcase>
  <testcase name="shouldThrowExceptionWhenParametersAreNull" classname="org.example.PaymentScenarioEvaluatorTest" time="0.002"/>
  <testcase name="shouldPreferPointsOverCardWhenDiscountIsEqual" classname="org.example.PaymentScenarioEvaluatorTest" time="0.001">
    <system-out><![CDATA[[DEBUG] Generating valid payment scenarios for order: small123
[DEBUG] Adding full points scenario for order: small123
[DEBUG] Adding full card scenario for order: small123 with card: equalCard
[DEBUG] Checking mixed scenarios for order: small123
[DEBUG] Points available: 200.00, Remaining amount: -50.00
[DEBUG] Card limit for equalCard: 1000.00
[DEBUG] Mixed scenario not applicable for order: small123 with card: equalCard
[DEBUG] Remaining amount is not positive
[DEBUG] Generated 2 valid payment scenarios for order: small123
]]></system-out>
  </testcase>
</testsuite>